<?xml version="1.0" encoding="UTF-8"?>
<coverage generated="1607237092435" clover="3.2.0">
  <project timestamp="1607237092436" name="All files">
    <metrics statements="33" coveredstatements="33" conditionals="10" coveredconditionals="10" methods="8" coveredmethods="8" elements="51" coveredelements="51" complexity="0" loc="33" ncloc="33" packages="1" files="2" classes="2"/>
    <file name="convertorService.js" path="/Users/teetach/Project/hapi/src/service/convertorService.js">
      <metrics statements="29" coveredstatements="29" conditionals="8" coveredconditionals="8" methods="7" coveredmethods="7"/>
      <line num="2" count="1" type="stmt"/>
      <line num="3" count="1" type="stmt"/>
      <line num="4" count="1" type="stmt"/>
      <line num="7" count="1" type="stmt"/>
      <line num="8" count="2" type="stmt"/>
      <line num="9" count="2" type="stmt"/>
      <line num="10" count="2" type="stmt"/>
      <line num="11" count="2" type="stmt"/>
      <line num="12" count="8" type="stmt"/>
      <line num="13" count="8" type="cond" truecount="2" falsecount="0"/>
      <line num="14" count="6" type="stmt"/>
      <line num="16" count="2" type="stmt"/>
      <line num="18" count="8" type="stmt"/>
      <line num="20" count="2" type="stmt"/>
      <line num="23" count="1" type="stmt"/>
      <line num="24" count="2" type="stmt"/>
      <line num="27" count="12" type="stmt"/>
      <line num="29" count="2" type="stmt"/>
      <line num="30" count="14" type="cond" truecount="2" falsecount="0"/>
      <line num="31" count="2" type="stmt"/>
      <line num="34" count="12" type="stmt"/>
      <line num="38" count="2" type="stmt"/>
      <line num="41" count="1" type="stmt"/>
      <line num="42" count="37" type="cond" truecount="2" falsecount="0"/>
      <line num="43" count="25" type="stmt"/>
      <line num="44" count="37" type="cond" truecount="2" falsecount="0"/>
      <line num="45" count="14" type="stmt"/>
      <line num="47" count="23" type="stmt"/>
      <line num="51" count="37" type="stmt"/>
    </file>
    <file name="httpService.js" path="/Users/teetach/Project/hapi/src/service/httpService.js">
      <metrics statements="4" coveredstatements="4" conditionals="2" coveredconditionals="2" methods="1" coveredmethods="1"/>
      <line num="3" count="1" type="stmt"/>
      <line num="4" count="2" type="stmt"/>
      <line num="13" count="2" type="cond" truecount="2" falsecount="0"/>
      <line num="14" count="2" type="stmt"/>
    </file>
  </project>
</coverage>
