{"/Users/teetach/Project/hapi/src/service/convertorService.js": {"path":"/Users/teetach/Project/hapi/src/service/convertorService.js","statementMap":{"0":{"start":{"line":2,"column":43},"end":{"line":5,"column":1}},"1":{"start":{"line":3,"column":27},"end":{"line":3,"column":44}},"2":{"start":{"line":4,"column":4},"end":{"line":4,"column":43}},"3":{"start":{"line":7,"column":27},"end":{"line":21,"column":1}},"4":{"start":{"line":8,"column":16},"end":{"line":8,"column":17}},"5":{"start":{"line":9,"column":21},"end":{"line":9,"column":26}},"6":{"start":{"line":10,"column":27},"end":{"line":10,"column":29}},"7":{"start":{"line":11,"column":4},"end":{"line":19,"column":5}},"8":{"start":{"line":12,"column":26},"end":{"line":12,"column":65}},"9":{"start":{"line":13,"column":8},"end":{"line":17,"column":9}},"10":{"start":{"line":14,"column":12},"end":{"line":14,"column":66}},"11":{"start":{"line":16,"column":12},"end":{"line":16,"column":37}},"12":{"start":{"line":18,"column":8},"end":{"line":18,"column":16}},"13":{"start":{"line":20,"column":4},"end":{"line":20,"column":28}},"14":{"start":{"line":23,"column":31},"end":{"line":39,"column":1}},"15":{"start":{"line":24,"column":24},"end":{"line":24,"column":26}},"16":{"start":{"line":27,"column":4},"end":{"line":27,"column":73}},"17":{"start":{"line":27,"column":34},"end":{"line":27,"column":71}},"18":{"start":{"line":29,"column":4},"end":{"line":36,"column":7}},"19":{"start":{"line":30,"column":8},"end":{"line":35,"column":9}},"20":{"start":{"line":31,"column":12},"end":{"line":31,"column":36}},"21":{"start":{"line":34,"column":12},"end":{"line":34,"column":46}},"22":{"start":{"line":38,"column":4},"end":{"line":38,"column":23}},"23":{"start":{"line":41,"column":29},"end":{"line":52,"column":1}},"24":{"start":{"line":42,"column":4},"end":{"line":50,"column":5}},"25":{"start":{"line":43,"column":8},"end":{"line":49,"column":10}},"26":{"start":{"line":44,"column":12},"end":{"line":48,"column":13}},"27":{"start":{"line":45,"column":16},"end":{"line":45,"column":47}},"28":{"start":{"line":47,"column":16},"end":{"line":47,"column":58}},"29":{"start":{"line":51,"column":4},"end":{"line":51,"column":23}}},"fnMap":{"0":{"name":"(anonymous_0)","decl":{"start":{"line":2,"column":43},"end":{"line":2,"column":44}},"loc":{"start":{"line":2,"column":53},"end":{"line":5,"column":1}},"line":2},"1":{"name":"(anonymous_1)","decl":{"start":{"line":7,"column":27},"end":{"line":7,"column":28}},"loc":{"start":{"line":7,"column":37},"end":{"line":21,"column":1}},"line":7},"2":{"name":"(anonymous_2)","decl":{"start":{"line":23,"column":31},"end":{"line":23,"column":32}},"loc":{"start":{"line":23,"column":51},"end":{"line":39,"column":1}},"line":23},"3":{"name":"(anonymous_3)","decl":{"start":{"line":27,"column":24},"end":{"line":27,"column":25}},"loc":{"start":{"line":27,"column":34},"end":{"line":27,"column":71}},"line":27},"4":{"name":"(anonymous_4)","decl":{"start":{"line":29,"column":27},"end":{"line":29,"column":28}},"loc":{"start":{"line":29,"column":38},"end":{"line":36,"column":5}},"line":29},"5":{"name":"(anonymous_5)","decl":{"start":{"line":41,"column":29},"end":{"line":41,"column":30}},"loc":{"start":{"line":41,"column":57},"end":{"line":52,"column":1}},"line":41},"6":{"name":"(anonymous_6)","decl":{"start":{"line":43,"column":28},"end":{"line":43,"column":29}},"loc":{"start":{"line":43,"column":38},"end":{"line":49,"column":9}},"line":43}},"branchMap":{"0":{"loc":{"start":{"line":13,"column":8},"end":{"line":17,"column":9}},"type":"if","locations":[{"start":{"line":13,"column":8},"end":{"line":17,"column":9}},{"start":{"line":13,"column":8},"end":{"line":17,"column":9}}],"line":13},"1":{"loc":{"start":{"line":30,"column":8},"end":{"line":35,"column":9}},"type":"if","locations":[{"start":{"line":30,"column":8},"end":{"line":35,"column":9}},{"start":{"line":30,"column":8},"end":{"line":35,"column":9}}],"line":30},"2":{"loc":{"start":{"line":42,"column":4},"end":{"line":50,"column":5}},"type":"if","locations":[{"start":{"line":42,"column":4},"end":{"line":50,"column":5}},{"start":{"line":42,"column":4},"end":{"line":50,"column":5}}],"line":42},"3":{"loc":{"start":{"line":44,"column":12},"end":{"line":48,"column":13}},"type":"if","locations":[{"start":{"line":44,"column":12},"end":{"line":48,"column":13}},{"start":{"line":44,"column":12},"end":{"line":48,"column":13}}],"line":44}},"s":{"0":1,"1":1,"2":1,"3":1,"4":2,"5":2,"6":2,"7":2,"8":8,"9":8,"10":6,"11":2,"12":8,"13":2,"14":1,"15":2,"16":2,"17":12,"18":2,"19":14,"20":2,"21":12,"22":2,"23":1,"24":37,"25":25,"26":37,"27":14,"28":23,"29":37},"f":{"0":1,"1":2,"2":2,"3":12,"4":14,"5":37,"6":37},"b":{"0":[6,2],"1":[2,12],"2":[25,12],"3":[14,23]},"_coverageSchema":"1a1c01bbd47fc00a2c39e90264f33305004495a9","hash":"19192937c3917d2e300baaf8c619eee5535fa7a5"}
,"/Users/teetach/Project/hapi/src/service/httpService.js": {"path":"/Users/teetach/Project/hapi/src/service/httpService.js","statementMap":{"0":{"start":{"line":3,"column":33},"end":{"line":15,"column":1}},"1":{"start":{"line":4,"column":21},"end":{"line":12,"column":5}},"2":{"start":{"line":13,"column":19},"end":{"line":13,"column":62}},"3":{"start":{"line":14,"column":4},"end":{"line":14,"column":18}}},"fnMap":{"0":{"name":"(anonymous_0)","decl":{"start":{"line":3,"column":33},"end":{"line":3,"column":34}},"loc":{"start":{"line":3,"column":55},"end":{"line":15,"column":1}},"line":3}},"branchMap":{"0":{"loc":{"start":{"line":13,"column":19},"end":{"line":13,"column":62}},"type":"cond-expr","locations":[{"start":{"line":13,"column":43},"end":{"line":13,"column":58}},{"start":{"line":13,"column":60},"end":{"line":13,"column":62}}],"line":13}},"s":{"0":1,"1":2,"2":2,"3":2},"f":{"0":2},"b":{"0":[1,1]},"_coverageSchema":"1a1c01bbd47fc00a2c39e90264f33305004495a9","hash":"20551b6f78c1998ed00d1b2779a7b844f13dbb44"}
}
