TN:
SF:src/service/convertorService.js
FN:2,(anonymous_0)
FN:7,(anonymous_1)
FN:23,(anonymous_2)
FN:27,(anonymous_3)
FN:29,(anonymous_4)
FN:41,(anonymous_5)
FN:43,(anonymous_6)
FNF:7
FNH:7
FNDA:1,(anonymous_0)
FNDA:2,(anonymous_1)
FNDA:2,(anonymous_2)
FNDA:12,(anonymous_3)
FNDA:14,(anonymous_4)
FNDA:37,(anonymous_5)
FNDA:37,(anonymous_6)
DA:2,1
DA:3,1
DA:4,1
DA:7,1
DA:8,2
DA:9,2
DA:10,2
DA:11,2
DA:12,8
DA:13,8
DA:14,6
DA:16,2
DA:18,8
DA:20,2
DA:23,1
DA:24,2
DA:27,12
DA:29,2
DA:30,14
DA:31,2
DA:34,12
DA:38,2
DA:41,1
DA:42,37
DA:43,25
DA:44,37
DA:45,14
DA:47,23
DA:51,37
LF:29
LH:29
BRDA:13,0,0,6
BRDA:13,0,1,2
BRDA:30,1,0,2
BRDA:30,1,1,12
BRDA:42,2,0,25
BRDA:42,2,1,12
BRDA:44,3,0,14
BRDA:44,3,1,23
BRF:8
BRH:8
end_of_record
TN:
SF:src/service/httpService.js
FN:3,(anonymous_0)
FNF:1
FNH:1
FNDA:2,(anonymous_0)
DA:3,1
DA:4,2
DA:13,2
DA:14,2
LF:4
LH:4
BRDA:13,0,0,1
BRDA:13,0,1,1
BRF:2
BRH:2
end_of_record
